C51 COMPILER V9.56.0.0   TRAFFICLIGHT                                                      11/10/2016 02:10:26 PAGE 1   


C51 COMPILER V9.56.0.0, COMPILATION OF MODULE TRAFFICLIGHT
OBJECT MODULE PLACED IN .\Objects\TrafficLight.obj
COMPILER INVOKED BY: C:\Keil_v5\C51\BIN\C51.EXE TrafficLight.c OPTIMIZE(8,SPEED) BROWSE DEBUG OBJECTEXTEND PRINT(.\Listi
                    -ngs\TrafficLight.lst) TABS(2) OBJECT(.\Objects\TrafficLight.obj)

line level    source

   1          #include<regx51.h>
   2          void delay()
   3          {
   4   1        unsigned int i,j;
   5   1        for(i=0;i<1000;i++)
   6   1        for(j=0;j<10000;j++){}
   7   1      }
   8          void red()
   9          {
  10   1        P0_0=1;
  11   1        P0_4=0;
  12   1        P0_7=0;
  13   1        delay();
  14   1      }
  15          void yellow()
  16          {
  17   1        P0_0=0;
  18   1        P0_4=1;
  19   1        P0_7=0;
  20   1        delay();
  21   1      }
  22          void green()
  23          {
  24   1        P0_0=0;
  25   1        P0_4=0;
  26   1        P0_7=1;
  27   1        delay();
  28   1      }
  29          int main()
  30          {
  31   1        P0=0x00;
  32   1        while(1)
  33   1        {
  34   2        red();
  35   2        yellow();
  36   2        green();
  37   2        }
  38   1      }


MODULE INFORMATION:   STATIC OVERLAYABLE
   CODE SIZE        =     70    ----
   CONSTANT SIZE    =   ----    ----
   XDATA SIZE       =   ----    ----
   PDATA SIZE       =   ----    ----
   DATA SIZE        =   ----    ----
   IDATA SIZE       =   ----    ----
   BIT SIZE         =   ----    ----
END OF MODULE INFORMATION.


C51 COMPILATION COMPLETE.  0 WARNING(S),  0 ERROR(S)
