C51 COMPILER V9.56.0.0   WATERLEVELDETECTOR                                                11/10/2016 01:55:44 PAGE 1   


C51 COMPILER V9.56.0.0, COMPILATION OF MODULE WATERLEVELDETECTOR
OBJECT MODULE PLACED IN .\Objects\waterlevelDetector.obj
COMPILER INVOKED BY: C:\Keil_v5\C51\BIN\C51.EXE waterlevelDetector.c OPTIMIZE(8,SPEED) BROWSE DEBUG OBJECTEXTEND PRINT(.
                    -\Listings\waterlevelDetector.lst) TABS(2) OBJECT(.\Objects\waterlevelDetector.obj)

line level    source

   1          #include<regx51.h>
   2          #include<Math.h>
   3          void delay()
   4          {
   5   1        unsigned int i,j;
   6   1        for(i=0;i<1000;i++)
   7   1        for(j=0;j<10000;j++){}
   8   1      }
   9          int main()
  10          {
  11   1        unsigned int i;
  12   1        P1=0x00;
  13   1        P2=0x00;
  14   1        for(i=0;i<9;i++)
  15   1        {
  16   2          P1=pow(2,i)-1;
  17   2          delay();
  18   2        }
  19   1        if(P1_7==1)
  20   1        {
  21   2          P2_0=1;
  22   2          while(1);
  23   2        }
  24   1      }
*** WARNING C290 IN LINE 24 OF waterlevelDetector.c: missing return value


MODULE INFORMATION:   STATIC OVERLAYABLE
   CODE SIZE        =    108    ----
   CONSTANT SIZE    =   ----    ----
   XDATA SIZE       =   ----    ----
   PDATA SIZE       =   ----    ----
   DATA SIZE        =   ----       2
   IDATA SIZE       =   ----    ----
   BIT SIZE         =   ----    ----
END OF MODULE INFORMATION.


C51 COMPILATION COMPLETE.  1 WARNING(S),  0 ERROR(S)
